<?xml version="1.0" encoding="UTF-8"?>
<!-- Generated by org.testng.reporters.JUnitXMLReporter -->
<testsuite ignored="0" hostname="osama" failures="0" tests="7" name="Default test" time="15.943" errors="0" timestamp="2024-11-21T00:29:54 AST">
  <testcase classname="almosaferproject.testcases" name="EnglishLanguageIsDefult" time="0.348"/>
  <testcase classname="almosaferproject.testcases" name="SARCurrencyIsDefult" time="0.058"/>
  <testcase classname="almosaferproject.testcases" name="CheckTheContactNumbers" time="0.047"/>
  <testcase classname="almosaferproject.testcases" name="checkHotelTabIsNotSelected" time="0.056"/>
  <testcase classname="almosaferproject.testcases" name="CheckDepatureDate" time="0.047"/>
  <testcase classname="almosaferproject.testcases" name="CheckReturneDate" time="0.038"/>
  <testcase classname="almosaferproject.testcases" name="RandomlyChangeLanguage" time="2.281"/>
</testsuite> <!-- Default test -->
