<?xml version="1.0" encoding="UTF-8"?>
<!-- Generated by org.testng.reporters.JUnitXMLReporter -->
<testsuite ignored="0" hostname="osama" failures="0" tests="6" name="Default test" time="24.048" errors="0" timestamp="2024-11-17T00:59:54 AST">
  <testcase classname="almosaferproject.testcases" name="EnglishLanguageIsDefult" time="0.073"/>
  <testcase classname="almosaferproject.testcases" name="SARCurrencyIsDefult" time="0.046"/>
  <testcase classname="almosaferproject.testcases" name="CheckTheContactNumbers" time="0.041"/>
  <testcase classname="almosaferproject.testcases" name="checkHotelTabIsNotSelected" time="0.071"/>
  <testcase classname="almosaferproject.testcases" name="CheckDepatureDate" time="0.454"/>
  <testcase classname="almosaferproject.testcases" name="CheckReturneDate" time="0.049"/>
</testsuite> <!-- Default test -->
